0 info it worked if it ends with ok
1 verbose cli [ 'C:\\Program Files\\nodejs\\node.exe',
1 verbose cli   'C:\\Program Files\\nodejs\\node_modules\\npm\\bin\\npm-cli.js',
1 verbose cli   'start' ]
2 info using npm@3.10.10
3 info using node@v6.11.2
4 verbose run-script [ 'prestart', 'start', 'poststart' ]
5 info lifecycle dockyard-master@1.0.0~prestart: dockyard-master@1.0.0
6 silly lifecycle dockyard-master@1.0.0~prestart: no script for prestart, continuing
7 info lifecycle dockyard-master@1.0.0~start: dockyard-master@1.0.0
8 verbose lifecycle dockyard-master@1.0.0~start: unsafe-perm in lifecycle true
9 verbose lifecycle dockyard-master@1.0.0~start: PATH: C:\Program Files\nodejs\node_modules\npm\bin\node-gyp-bin;C:\Users\Mutti\dockyard-master\node_modules\.bin;C:\Users\Mutti\AppData\Roaming\npm;C:\Program Files\nodejs\;C:\ProgramData\Oracle\Java\javapath;C:\Program Files\Common Files\Microsoft Shared\Windows Live;C:\Program Files (x86)\Common Files\Microsoft Shared\Windows Live;C:\WINDOWS\system32;C:\WINDOWS;C:\WINDOWS\System32\Wbem;C:\WINDOWS\System32\WindowsPowerShell\v1.0\;C:\Program Files (x86)\Windows Live\Shared;C:\Program Files (x86)\ATI Technologies\ATI.ACE\Core-Static;C:\Program Files\nodejs\;C:\HashiCorp\Vagrant\bin;C:\wamp64\bin\php\php5.6.31;C:\ProgramData\ComposerSetup\bin;C:\Program Files\Git\cmd;C:\WINDOWS\System32\OpenSSH\;C:\Users\Mutti\AppData\Local\Programs\Python\Python36\Scripts\;C:\Users\Mutti\AppData\Local\Programs\Python\Python36\;C:\Users\Mutti\AppData\Local\Microsoft\WindowsApps;C:\Users\Mutti\AppData\Roaming\npm;C:\Users\Mutti\AppData\Local\GitHubDesktop\bin;C:\Users\Mutti\AppData\Roaming\Composer\vendor\bin;C:\Users\Mutti\AppData\Local\Microsoft\WindowsApps;
10 verbose lifecycle dockyard-master@1.0.0~start: CWD: C:\Users\Mutti\dockyard-master
11 silly lifecycle dockyard-master@1.0.0~start: Args: [ '/d /s /c', 'npm run build' ]
12 silly lifecycle dockyard-master@1.0.0~start: Returned: code: 1  signal: null
13 info lifecycle dockyard-master@1.0.0~start: Failed to exec start script
14 verbose stack Error: dockyard-master@1.0.0 start: `npm run build`
14 verbose stack Exit status 1
14 verbose stack     at EventEmitter.<anonymous> (C:\Program Files\nodejs\node_modules\npm\lib\utils\lifecycle.js:255:16)
14 verbose stack     at emitTwo (events.js:106:13)
14 verbose stack     at EventEmitter.emit (events.js:191:7)
14 verbose stack     at ChildProcess.<anonymous> (C:\Program Files\nodejs\node_modules\npm\lib\utils\spawn.js:40:14)
14 verbose stack     at emitTwo (events.js:106:13)
14 verbose stack     at ChildProcess.emit (events.js:191:7)
14 verbose stack     at maybeClose (internal/child_process.js:891:16)
14 verbose stack     at Process.ChildProcess._handle.onexit (internal/child_process.js:226:5)
15 verbose pkgid dockyard-master@1.0.0
16 verbose cwd C:\Users\Mutti\dockyard-master
17 error Windows_NT 10.0.17134
18 error argv "C:\\Program Files\\nodejs\\node.exe" "C:\\Program Files\\nodejs\\node_modules\\npm\\bin\\npm-cli.js" "start"
19 error node v6.11.2
20 error npm  v3.10.10
21 error code ELIFECYCLE
22 error dockyard-master@1.0.0 start: `npm run build`
22 error Exit status 1
23 error Failed at the dockyard-master@1.0.0 start script 'npm run build'.
23 error Make sure you have the latest version of node.js and npm installed.
23 error If you do, this is most likely a problem with the dockyard-master package,
23 error not with npm itself.
23 error Tell the author that this fails on your system:
23 error     npm run build
23 error You can get information on how to open an issue for this project with:
23 error     npm bugs dockyard-master
23 error Or if that isn't available, you can get their info via:
23 error     npm owner ls dockyard-master
23 error There is likely additional logging output above.
24 verbose exit [ 1, true ]
